[2025-07-14T05:48:59.516Z] GET /login
[2025-07-14T05:49:20.193Z] POST /login
[2025-07-14T05:50:47.990Z] POST /shorturls
[2025-07-14T05:50:59.572Z] POST /shorturls
[2025-07-14T05:51:05.711Z] POST /login
[2025-07-14T05:51:30.087Z] POST /shorturls
[2025-07-14T05:51:37.452Z] POST /login
[2025-07-14T05:51:45.767Z] POST /shorturls
[2025-07-14T05:51:49.788Z] GET /shorturls
[2025-07-14T05:51:54.487Z] GET /shorturls
[2025-07-14T05:52:06.662Z] GET /shorturls
[2025-07-14T05:52:10.234Z] POST /shorturls
[2025-07-14T05:53:19.418Z] POST /login
[2025-07-14T05:53:21.150Z] POST /login
[2025-07-14T05:54:30.669Z] GET /
[2025-07-14T05:55:05.812Z] POST /login
[2025-07-14T05:56:11.703Z] POST /shorturls
[2025-07-14T05:56:58.576Z] POST /shorturls
[2025-07-14T05:58:12.511Z] POST /shorturls
[2025-07-14T05:58:18.245Z] POST /login
[2025-07-14T05:58:48.470Z] POST /shorturls
[2025-07-14T05:58:50.769Z] POST /shorturls
[2025-07-14T05:59:41.707Z] POST /shorturls
[2025-07-14T05:59:52.012Z] POST /shorturls
[2025-07-14T06:00:05.475Z] POST /login
[2025-07-14T06:00:44.391Z] POST /shorturls
[2025-07-14T06:01:01.659Z] GET /twitter123
[2025-07-14T06:03:11.182Z] POST /login
[2025-07-14T06:04:40.298Z] POST /shorturls
[2025-07-14T06:05:37.857Z] GET /shorturls/abcd1
[2025-07-14T06:05:50.912Z] GET /abcd1
[2025-07-14T06:06:06.981Z] POST /login
[2025-07-14T06:06:12.451Z] GET /shorturls/a1B2x3Y
[2025-07-14T06:06:34.443Z] GET /shorturls/abcd1
